<?xml version="1.0" encoding="UTF-8"?>
<!-- Generated by org.testng.reporters.JUnitReportReporter -->
<testsuite hostname="DESKTOP-HJ63NSA" failures="0" tests="1" name="com.flights.api.RestTest" time="3.007" errors="0" timestamp="17 Sep 2021 13:42:56 GMT" skipped="0">
  <testcase classname="com.flights.api.RestTest" name="getAllFlightsLeavingFromSchipol" time="3.007"/>
</testsuite> <!-- com.flights.api.RestTest -->
